gyp info it worked if it ends with ok
gyp verb cli [ 'node',
gyp verb cli   '/usr/local/lib/node_modules/npm/node_modules/node-gyp/bin/node-gyp.js',
gyp verb cli   'rebuild' ]
gyp info using node-gyp@1.0.2
gyp info using node@0.12.1 | darwin | x64
gyp verb command rebuild []
gyp verb command clean []
gyp verb clean removing "build" directory
gyp verb command configure []
gyp verb check python checking for Python executable "python" in the PATH
gyp verb `which` succeeded python /usr/bin/python
gyp verb check python version `python -c "import platform; print(platform.python_version());"` returned: "2.7.6\n"
gyp verb get node dir no --target version specified, falling back to host node version: v0.12.1
gyp verb command install [ 'v0.12.1' ]
gyp verb install input version string "v0.12.1"
gyp verb install installing version: 0.12.1
gyp verb install --ensure was passed, so won't reinstall if already installed
gyp verb install version is already installed, need to check "installVersion"
gyp verb got "installVersion" 9
gyp verb needs "installVersion" 9
gyp verb install version is good
gyp verb get node dir target node version installed: 0.12.1
gyp verb build dir attempting to create "build" dir: /Users/apple/Documents/nodejs/loginAndRegister/node_modules/socket.io-client/node_modules/engine.io-client/node_modules/ws/build
gyp verb build dir "build" dir needed to be created? /Users/apple/Documents/nodejs/loginAndRegister/node_modules/socket.io-client/node_modules/engine.io-client/node_modules/ws/build
gyp verb build/config.gypi creating config file
gyp verb build/config.gypi writing out config file: /Users/apple/Documents/nodejs/loginAndRegister/node_modules/socket.io-client/node_modules/engine.io-client/node_modules/ws/build/config.gypi
gyp verb config.gypi checking for gypi file: /Users/apple/Documents/nodejs/loginAndRegister/node_modules/socket.io-client/node_modules/engine.io-client/node_modules/ws/config.gypi
gyp verb common.gypi checking for gypi file: /Users/apple/Documents/nodejs/loginAndRegister/node_modules/socket.io-client/node_modules/engine.io-client/node_modules/ws/common.gypi
gyp verb gyp gyp format was not specified; forcing "make"
child_process: customFds option is deprecated, use stdio instead.
gyp info spawn python
gyp info spawn args [ '/usr/local/lib/node_modules/npm/node_modules/node-gyp/gyp/gyp_main.py',
gyp info spawn args   'binding.gyp',
gyp info spawn args   '-f',
gyp info spawn args   'make',
gyp info spawn args   '-I',
gyp info spawn args   '/Users/apple/Documents/nodejs/loginAndRegister/node_modules/socket.io-client/node_modules/engine.io-client/node_modules/ws/build/config.gypi',
gyp info spawn args   '-I',
gyp info spawn args   '/usr/local/lib/node_modules/npm/node_modules/node-gyp/addon.gypi',
gyp info spawn args   '-I',
gyp info spawn args   '/Users/apple/.node-gyp/0.12.1/common.gypi',
gyp info spawn args   '-Dlibrary=shared_library',
gyp info spawn args   '-Dvisibility=default',
gyp info spawn args   '-Dnode_root_dir=/Users/apple/.node-gyp/0.12.1',
gyp info spawn args   '-Dmodule_root_dir=/Users/apple/Documents/nodejs/loginAndRegister/node_modules/socket.io-client/node_modules/engine.io-client/node_modules/ws',
gyp info spawn args   '--depth=.',
gyp info spawn args   '--no-parallel',
gyp info spawn args   '--generator-output',
gyp info spawn args   'build',
gyp info spawn args   '-Goutput_dir=.' ]
2015-05-11 10:21:29.171 xcodebuild[5296:2038568] [MT] PluginLoading: Required plug-in compatibility UUID 9F75337B-21B4-4ADC-B558-F9CADF7073A7 for plug-in at path '~/Library/Application Support/Developer/Shared/Xcode/Plug-ins/Unity4XC.xcplugin' not present in DVTPlugInCompatibilityUUIDs
gyp verb command build []
gyp verb build type Release
gyp verb architecture x64
gyp verb node dev dir /Users/apple/.node-gyp/0.12.1
gyp verb `which` succeeded for `make` /usr/bin/make
gyp info spawn make
gyp info spawn args [ 'V=1', 'BUILDTYPE=Release', '-C', 'build' ]
In file included from ../src/bufferutil.cc:15:
/Users/apple/Documents/nodejs/loginAndRegister/node_modules/socket.io-client/node_modules/engine.io-client/node_modules/ws/node_modules/nan/nan.h:213:5: error: no member named 'ThrowException' in namespace 'v8'
    _NAN_THROW_ERROR(v8::Exception::Error, errmsg);
    ^~~~~~~~~~~~~~~~~~~~~~~~~~~~~~~~~~~~~~~~~~~~~~
/Users/apple/Documents/nodejs/loginAndRegister/node_modules/socket.io-client/node_modules/engine.io-client/node_modules/ws/node_modules/nan/nan.h:209:11: note: expanded from macro '_NAN_THROW_ERROR'
      v8::ThrowException(fun(v8::String::New(errmsg)));                        \
      ~~~~^
/Users/apple/Documents/nodejs/loginAndRegister/node_modules/socket.io-client/node_modules/engine.io-client/node_modules/ws/node_modules/nan/nan.h:213:5: error: no member named 'New' in 'v8::String'
    _NAN_THROW_ERROR(v8::Exception::Error, errmsg);
    ^~~~~~~~~~~~~~~~~~~~~~~~~~~~~~~~~~~~~~~~~~~~~~
/Users/apple/Documents/nodejs/loginAndRegister/node_modules/socket.io-client/node_modules/engine.io-client/node_modules/ws/node_modules/nan/nan.h:209:42: note: expanded from macro '_NAN_THROW_ERROR'
      v8::ThrowException(fun(v8::String::New(errmsg)));                        \
                             ~~~~~~~~~~~~^
/Users/apple/Documents/nodejs/loginAndRegister/node_modules/socket.io-client/node_modules/engine.io-client/node_modules/ws/node_modules/nan/nan.h:218:9: error: no type named 'ThrowException' in namespace 'v8'
    v8::ThrowException(error);
    ~~~~^
/Users/apple/Documents/nodejs/loginAndRegister/node_modules/socket.io-client/node_modules/engine.io-client/node_modules/ws/node_modules/nan/nan.h:222:65: error: no member named 'New' in 'v8::String'
    v8::Local<v8::Value> err = v8::Exception::Error(v8::String::New(msg));
                                                    ~~~~~~~~~~~~^
/Users/apple/Documents/nodejs/loginAndRegister/node_modules/socket.io-client/node_modules/engine.io-client/node_modules/ws/node_modules/nan/nan.h:224:26: error: no member named 'New' in 'v8::String'
    obj->Set(v8::String::New("code"), v8::Int32::New(errorNumber));
             ~~~~~~~~~~~~^
/Users/apple/Documents/nodejs/loginAndRegister/node_modules/socket.io-client/node_modules/engine.io-client/node_modules/ws/node_modules/nan/nan.h:224:65: error: too few arguments to function call, expected 2, have 1
    obj->Set(v8::String::New("code"), v8::Int32::New(errorNumber));
                                      ~~~~~~~~~~~~~~            ^
/Users/apple/.node-gyp/0.12.1/deps/v8/include/v8.h:2012:3: note: 'New' declared here
  static Local<Integer> New(Isolate* isolate, int32_t value);
  ^
In file included from ../src/bufferutil.cc:15:
/Users/apple/Documents/nodejs/loginAndRegister/node_modules/socket.io-client/node_modules/engine.io-client/node_modules/ws/node_modules/nan/nan.h:229:5: error: no member named 'ThrowException' in namespace 'v8'
    _NAN_THROW_ERROR(v8::Exception::TypeError, errmsg);
    ^~~~~~~~~~~~~~~~~~~~~~~~~~~~~~~~~~~~~~~~~~~~~~~~~~
/Users/apple/Documents/nodejs/loginAndRegister/node_modules/socket.io-client/node_modules/engine.io-client/node_modules/ws/node_modules/nan/nan.h:209:11: note: expanded from macro '_NAN_THROW_ERROR'
      v8::ThrowException(fun(v8::String::New(errmsg)));                        \
      ~~~~^
/Users/apple/Documents/nodejs/loginAndRegister/node_modules/socket.io-client/node_modules/engine.io-client/node_modules/ws/node_modules/nan/nan.h:229:5: error: no member named 'New' in 'v8::String'
    _NAN_THROW_ERROR(v8::Exception::TypeError, errmsg);
    ^~~~~~~~~~~~~~~~~~~~~~~~~~~~~~~~~~~~~~~~~~~~~~~~~~
/Users/apple/Documents/nodejs/loginAndRegister/node_modules/socket.io-client/node_modules/engine.io-client/node_modules/ws/node_modules/nan/nan.h:209:42: note: expanded from macro '_NAN_THROW_ERROR'
      v8::ThrowException(fun(v8::String::New(errmsg)));                        \
                             ~~~~~~~~~~~~^
/Users/apple/Documents/nodejs/loginAndRegister/node_modules/socket.io-client/node_modules/engine.io-client/node_modules/ws/node_modules/nan/nan.h:233:5: error: no member named 'ThrowException' in namespace 'v8'
    _NAN_THROW_ERROR(v8::Exception::RangeError, errmsg);
    ^~~~~~~~~~~~~~~~~~~~~~~~~~~~~~~~~~~~~~~~~~~~~~~~~~~
/Users/apple/Documents/nodejs/loginAndRegister/node_modules/socket.io-client/node_modules/engine.io-client/node_modules/ws/node_modules/nan/nan.h:209:11: note: expanded from macro '_NAN_THROW_ERROR'
      v8::ThrowException(fun(v8::String::New(errmsg)));                        \
      ~~~~^
/Users/apple/Documents/nodejs/loginAndRegister/node_modules/socket.io-client/node_modules/engine.io-client/node_modules/ws/node_modules/nan/nan.h:233:5: error: no member named 'New' in 'v8::String'
    _NAN_THROW_ERROR(v8::Exception::RangeError, errmsg);
    ^~~~~~~~~~~~~~~~~~~~~~~~~~~~~~~~~~~~~~~~~~~~~~~~~~~
/Users/apple/Documents/nodejs/loginAndRegister/node_modules/socket.io-client/node_modules/engine.io-client/node_modules/ws/node_modules/nan/nan.h:209:42: note: expanded from macro '_NAN_THROW_ERROR'
      v8::ThrowException(fun(v8::String::New(errmsg)));                        \
                             ~~~~~~~~~~~~^
/Users/apple/Documents/nodejs/loginAndRegister/node_modules/socket.io-client/node_modules/engine.io-client/node_modules/ws/node_modules/nan/nan.h:450:49: error: too few arguments to function call, single argument 'isolate' was not specified
    v8::Local<v8::Object> obj = v8::Object::New();
                                ~~~~~~~~~~~~~~~ ^
/Users/apple/.node-gyp/0.12.1/deps/v8/include/v8.h:2388:3: note: 'New' declared here
  static Local<Object> New(Isolate* isolate);
  ^
In file included from ../src/bufferutil.cc:15:
/Users/apple/Documents/nodejs/loginAndRegister/node_modules/socket.io-client/node_modules/engine.io-client/node_modules/ws/node_modules/nan/nan.h:451:14: error: no member named 'NewSymbol' in 'v8::String'; did you mean 'IsSymbol'?
    obj->Set(NanSymbol("callback"), fn);
             ^~~~~~~~~~~~~~~~~~~~~
/Users/apple/Documents/nodejs/loginAndRegister/node_modules/socket.io-client/node_modules/engine.io-client/node_modules/ws/node_modules/nan/nan.h:103:38: note: expanded from macro 'NanSymbol'
#define NanSymbol(value) v8::String::NewSymbol(value)
                         ~~~~~~~~~~~~^
/Users/apple/.node-gyp/0.12.1/deps/v8/include/v8.h:1379:8: note: 'IsSymbol' declared here
  bool IsSymbol() const;
       ^
In file included from ../src/bufferutil.cc:15:
/Users/apple/Documents/nodejs/loginAndRegister/node_modules/socket.io-client/node_modules/engine.io-client/node_modules/ws/node_modules/nan/nan.h:451:14: error: call to non-static member function without an object argument
    obj->Set(NanSymbol("callback"), fn);
             ^~~~~~~~~~~~~~~~~~~~~
/Users/apple/Documents/nodejs/loginAndRegister/node_modules/socket.io-client/node_modules/engine.io-client/node_modules/ws/node_modules/nan/nan.h:103:38: note: expanded from macro 'NanSymbol'
#define NanSymbol(value) v8::String::NewSymbol(value)
                         ~~~~~~~~~~~~^~~~~~~~~
/Users/apple/Documents/nodejs/loginAndRegister/node_modules/socket.io-client/node_modules/engine.io-client/node_modules/ws/node_modules/nan/nan.h:457:12: error: no member named 'Dispose' in 'v8::Persistent<v8::Object, v8::NonCopyablePersistentTraits<v8::Object> >'
    handle.Dispose();
    ~~~~~~ ^
/Users/apple/Documents/nodejs/loginAndRegister/node_modules/socket.io-client/node_modules/engine.io-client/node_modules/ws/node_modules/nan/nan.h:458:12: error: no member named 'Clear' in 'v8::Persistent<v8::Object, v8::NonCopyablePersistentTraits<v8::Object> >'
    handle.Clear();
    ~~~~~~ ^
/Users/apple/Documents/nodejs/loginAndRegister/node_modules/socket.io-client/node_modules/engine.io-client/node_modules/ws/node_modules/nan/nan.h:462:46: error: no member named 'NewSymbol' in 'v8::String'; did you mean 'IsSymbol'?
    return NanPersistentToLocal(handle)->Get(NanSymbol("callback"))
                                             ^~~~~~~~~~~~~~~~~~~~~
/Users/apple/Documents/nodejs/loginAndRegister/node_modules/socket.io-client/node_modules/engine.io-client/node_modules/ws/node_modules/nan/nan.h:103:38: note: expanded from macro 'NanSymbol'
#define NanSymbol(value) v8::String::NewSymbol(value)
                         ~~~~~~~~~~~~^
/Users/apple/.node-gyp/0.12.1/deps/v8/include/v8.h:1379:8: note: 'IsSymbol' declared here
  bool IsSymbol() const;
       ^
In file included from ../src/bufferutil.cc:15:
/Users/apple/Documents/nodejs/loginAndRegister/node_modules/socket.io-client/node_modules/engine.io-client/node_modules/ws/node_modules/nan/nan.h:462:46: error: call to non-static member function without an object argument
    return NanPersistentToLocal(handle)->Get(NanSymbol("callback"))
                                             ^~~~~~~~~~~~~~~~~~~~~
/Users/apple/Documents/nodejs/loginAndRegister/node_modules/socket.io-client/node_modules/engine.io-client/node_modules/ws/node_modules/nan/nan.h:103:38: note: expanded from macro 'NanSymbol'
#define NanSymbol(value) v8::String::NewSymbol(value)
                         ~~~~~~~~~~~~^~~~~~~~~
/Users/apple/Documents/nodejs/loginAndRegister/node_modules/socket.io-client/node_modules/engine.io-client/node_modules/ws/node_modules/nan/nan.h:463:25: error: expected '(' for function-style cast or type construction
        .As<v8::Function>();
            ~~~~~~~~~~~~^
/Users/apple/Documents/nodejs/loginAndRegister/node_modules/socket.io-client/node_modules/engine.io-client/node_modules/ws/node_modules/nan/nan.h:463:27: error: expected expression
        .As<v8::Function>();
                          ^
fatal error: too many errors emitted, stopping now [-ferror-limit=]
20 errors generated.
make: *** [Release/obj.target/bufferutil/src/bufferutil.o] Error 1
gyp ERR! build error 
gyp ERR! stack Error: `make` failed with exit code: 2
gyp ERR! stack     at ChildProcess.onExit (/usr/local/lib/node_modules/npm/node_modules/node-gyp/lib/build.js:267:23)
gyp ERR! stack     at ChildProcess.emit (events.js:110:17)
gyp ERR! stack     at Process.ChildProcess._handle.onexit (child_process.js:1067:12)
gyp ERR! System Darwin 14.3.0
gyp ERR! command "node" "/usr/local/lib/node_modules/npm/node_modules/node-gyp/bin/node-gyp.js" "rebuild"
gyp ERR! cwd /Users/apple/Documents/nodejs/loginAndRegister/node_modules/socket.io-client/node_modules/engine.io-client/node_modules/ws
gyp ERR! node -v v0.12.1
gyp ERR! node-gyp -v v1.0.2
gyp ERR! not ok 
